<?xml version="1.0" encoding="UTF-8"?>
<!-- Generated by org.testng.reporters.JUnitReportReporter -->
<testsuite hostname="LAPTOP-9EGM5KN8" failures="0" tests="1" name="testCases.TC_001_AccountRegistration" time="6.395" errors="0" timestamp="2021-11-28T23:05:37 EST" skipped="0">
  <testcase classname="testCases.TC_001_AccountRegistration" name="test_account_Registration" time="6.395"/>
  <system-out/>
</testsuite> <!-- testCases.TC_001_AccountRegistration -->
